#Command: mspdbsrv.exe -start -spawn
D:\DOCUMENTS\UCSD\BSMS\SP11\MASTERS PROJECT\IMAGE MATCHING SANDBOX\IMAGE MATCH VS\DEBUG\MATCHING_TO_MANY_IMAGES.PDB
D:\DOCUMENTS\UCSD\BSMS\SP11\MASTERS PROJECT\IMAGE MATCHING SANDBOX\IMAGE MATCH VS\DEBUG\MOCKCLIENT.EXE
D:\DOCUMENTS\UCSD\BSMS\SP11\MASTERS PROJECT\IMAGE MATCHING SANDBOX\IMAGE MATCH VS\DEBUG\MOCKCLIENT.ILK
D:\DOCUMENTS\UCSD\BSMS\SP11\MASTERS PROJECT\IMAGE MATCHING SANDBOX\IMAGE MATCH VS\DEBUG\MOCKCLIENT.PDB
D:\DOCUMENTS\UCSD\BSMS\SP11\MASTERS PROJECT\IMAGE MATCHING SANDBOX\IMAGE MATCH VS\MATCHING_TO_MANY_IMAGES\DEBUG\VC100.IDB
D:\DOCUMENTS\UCSD\BSMS\SP11\MASTERS PROJECT\IMAGE MATCHING SANDBOX\IMAGE MATCH VS\MATCHING_TO_MANY_IMAGES\DEBUG\VC100.PDB
D:\Documents\UCSD\BSMS\SP11\Masters Project\Image Matching Sandbox\Image Match VS\MockClient\Debug\CL.read.1.tlog
D:\Documents\UCSD\BSMS\SP11\Masters Project\Image Matching Sandbox\Image Match VS\MockClient\Debug\CL.write.1.tlog
D:\DOCUMENTS\UCSD\BSMS\SP11\MASTERS PROJECT\IMAGE MATCHING SANDBOX\IMAGE MATCH VS\MOCKCLIENT\DEBUG\CLIENT.OBJ
D:\Documents\UCSD\BSMS\SP11\Masters Project\Image Matching Sandbox\Image Match VS\MockClient\Debug\CL-mspdbsrv.read.11.tlog
D:\Documents\UCSD\BSMS\SP11\Masters Project\Image Matching Sandbox\Image Match VS\MockClient\Debug\CL-mspdbsrv.read.9.tlog
D:\Documents\UCSD\BSMS\SP11\Masters Project\Image Matching Sandbox\Image Match VS\MockClient\Debug\CL-mspdbsrv.write.11.tlog
D:\Documents\UCSD\BSMS\SP11\Masters Project\Image Matching Sandbox\Image Match VS\MockClient\Debug\CL-mspdbsrv.write.9.tlog
D:\Documents\UCSD\BSMS\SP11\Masters Project\Image Matching Sandbox\Image Match VS\MockClient\Debug\link.read.1.tlog
D:\Documents\UCSD\BSMS\SP11\Masters Project\Image Matching Sandbox\Image Match VS\MockClient\Debug\link.write.1.tlog
D:\Documents\UCSD\BSMS\SP11\Masters Project\Image Matching Sandbox\Image Match VS\MockClient\Debug\link-cvtres.read.1.tlog
D:\Documents\UCSD\BSMS\SP11\Masters Project\Image Matching Sandbox\Image Match VS\MockClient\Debug\link-cvtres.write.1.tlog
D:\DOCUMENTS\UCSD\BSMS\SP11\MASTERS PROJECT\IMAGE MATCHING SANDBOX\IMAGE MATCH VS\MOCKCLIENT\DEBUG\MOCKCLIENT.EXE.EMBED.MANIFEST
D:\DOCUMENTS\UCSD\BSMS\SP11\MASTERS PROJECT\IMAGE MATCHING SANDBOX\IMAGE MATCH VS\MOCKCLIENT\DEBUG\MOCKCLIENT.EXE.EMBED.MANIFEST.RES
D:\DOCUMENTS\UCSD\BSMS\SP11\MASTERS PROJECT\IMAGE MATCHING SANDBOX\IMAGE MATCH VS\MOCKCLIENT\DEBUG\MOCKCLIENT.EXE.INTERMEDIATE.MANIFEST
D:\DOCUMENTS\UCSD\BSMS\SP11\MASTERS PROJECT\IMAGE MATCHING SANDBOX\IMAGE MATCH VS\MOCKCLIENT\DEBUG\MOCKCLIENT.PCH
D:\Documents\UCSD\BSMS\SP11\Masters Project\Image Matching Sandbox\Image Match VS\MockClient\Debug\MockClient_manifest.rc
D:\Documents\UCSD\BSMS\SP11\Masters Project\Image Matching Sandbox\Image Match VS\MockClient\Debug\mt.read.1.tlog
D:\Documents\UCSD\BSMS\SP11\Masters Project\Image Matching Sandbox\Image Match VS\MockClient\Debug\mt.write.1.tlog
D:\Documents\UCSD\BSMS\SP11\Masters Project\Image Matching Sandbox\Image Match VS\MockClient\Debug\rc.read.1.tlog
D:\Documents\UCSD\BSMS\SP11\Masters Project\Image Matching Sandbox\Image Match VS\MockClient\Debug\rc.write.1.tlog
D:\DOCUMENTS\UCSD\BSMS\SP11\MASTERS PROJECT\IMAGE MATCHING SANDBOX\IMAGE MATCH VS\MOCKCLIENT\DEBUG\STDAFX.OBJ
D:\DOCUMENTS\UCSD\BSMS\SP11\MASTERS PROJECT\IMAGE MATCHING SANDBOX\IMAGE MATCH VS\MOCKCLIENT\DEBUG\VC100.IDB
D:\DOCUMENTS\UCSD\BSMS\SP11\MASTERS PROJECT\IMAGE MATCHING SANDBOX\IMAGE MATCH VS\MOCKCLIENT\DEBUG\VC100.PDB
