#Command: mspdbsrv.exe -start -spawn
D:\DOCUMENTS\UCSD\BSMS\SP11\MASTERS PROJECT\IMAGE MATCHING SANDBOX\IMAGE MATCH VS\DEBUG\MATCHING_TO_MANY_IMAGES.EXE
D:\DOCUMENTS\UCSD\BSMS\SP11\MASTERS PROJECT\IMAGE MATCHING SANDBOX\IMAGE MATCH VS\DEBUG\MATCHING_TO_MANY_IMAGES.ILK
D:\DOCUMENTS\UCSD\BSMS\SP11\MASTERS PROJECT\IMAGE MATCHING SANDBOX\IMAGE MATCH VS\DEBUG\MATCHING_TO_MANY_IMAGES.PDB
D:\Documents\UCSD\BSMS\SP11\Masters Project\Image Matching Sandbox\Image Match VS\matching_to_many_images\Debug\CL.read.1.tlog
D:\Documents\UCSD\BSMS\SP11\Masters Project\Image Matching Sandbox\Image Match VS\matching_to_many_images\Debug\CL.write.1.tlog
D:\Documents\UCSD\BSMS\SP11\Masters Project\Image Matching Sandbox\Image Match VS\matching_to_many_images\Debug\CL-mspdbsrv.read.13.tlog
D:\Documents\UCSD\BSMS\SP11\Masters Project\Image Matching Sandbox\Image Match VS\matching_to_many_images\Debug\CL-mspdbsrv.read.16.tlog
D:\Documents\UCSD\BSMS\SP11\Masters Project\Image Matching Sandbox\Image Match VS\matching_to_many_images\Debug\CL-mspdbsrv.read.20.tlog
D:\Documents\UCSD\BSMS\SP11\Masters Project\Image Matching Sandbox\Image Match VS\matching_to_many_images\Debug\CL-mspdbsrv.read.22.tlog
D:\Documents\UCSD\BSMS\SP11\Masters Project\Image Matching Sandbox\Image Match VS\matching_to_many_images\Debug\CL-mspdbsrv.read.3.tlog
D:\Documents\UCSD\BSMS\SP11\Masters Project\Image Matching Sandbox\Image Match VS\matching_to_many_images\Debug\CL-mspdbsrv.read.4.tlog
D:\Documents\UCSD\BSMS\SP11\Masters Project\Image Matching Sandbox\Image Match VS\matching_to_many_images\Debug\CL-mspdbsrv.read.6.tlog
D:\Documents\UCSD\BSMS\SP11\Masters Project\Image Matching Sandbox\Image Match VS\matching_to_many_images\Debug\CL-mspdbsrv.read.8.tlog
D:\Documents\UCSD\BSMS\SP11\Masters Project\Image Matching Sandbox\Image Match VS\matching_to_many_images\Debug\CL-mspdbsrv.write.10.tlog
D:\Documents\UCSD\BSMS\SP11\Masters Project\Image Matching Sandbox\Image Match VS\matching_to_many_images\Debug\CL-mspdbsrv.write.11.tlog
D:\Documents\UCSD\BSMS\SP11\Masters Project\Image Matching Sandbox\Image Match VS\matching_to_many_images\Debug\CL-mspdbsrv.write.13.tlog
D:\Documents\UCSD\BSMS\SP11\Masters Project\Image Matching Sandbox\Image Match VS\matching_to_many_images\Debug\CL-mspdbsrv.write.14.tlog
D:\Documents\UCSD\BSMS\SP11\Masters Project\Image Matching Sandbox\Image Match VS\matching_to_many_images\Debug\CL-mspdbsrv.write.16.tlog
D:\Documents\UCSD\BSMS\SP11\Masters Project\Image Matching Sandbox\Image Match VS\matching_to_many_images\Debug\CL-mspdbsrv.write.17.tlog
D:\Documents\UCSD\BSMS\SP11\Masters Project\Image Matching Sandbox\Image Match VS\matching_to_many_images\Debug\CL-mspdbsrv.write.19.tlog
D:\Documents\UCSD\BSMS\SP11\Masters Project\Image Matching Sandbox\Image Match VS\matching_to_many_images\Debug\CL-mspdbsrv.write.2.tlog
D:\Documents\UCSD\BSMS\SP11\Masters Project\Image Matching Sandbox\Image Match VS\matching_to_many_images\Debug\CL-mspdbsrv.write.20.tlog
D:\Documents\UCSD\BSMS\SP11\Masters Project\Image Matching Sandbox\Image Match VS\matching_to_many_images\Debug\CL-mspdbsrv.write.22.tlog
D:\Documents\UCSD\BSMS\SP11\Masters Project\Image Matching Sandbox\Image Match VS\matching_to_many_images\Debug\CL-mspdbsrv.write.3.tlog
D:\Documents\UCSD\BSMS\SP11\Masters Project\Image Matching Sandbox\Image Match VS\matching_to_many_images\Debug\CL-mspdbsrv.write.4.tlog
D:\Documents\UCSD\BSMS\SP11\Masters Project\Image Matching Sandbox\Image Match VS\matching_to_many_images\Debug\CL-mspdbsrv.write.6.tlog
D:\Documents\UCSD\BSMS\SP11\Masters Project\Image Matching Sandbox\Image Match VS\matching_to_many_images\Debug\CL-mspdbsrv.write.8.tlog
D:\Documents\UCSD\BSMS\SP11\Masters Project\Image Matching Sandbox\Image Match VS\matching_to_many_images\Debug\link.7308.read.1.tlog
D:\Documents\UCSD\BSMS\SP11\Masters Project\Image Matching Sandbox\Image Match VS\matching_to_many_images\Debug\link.7308.write.1.tlog
D:\Documents\UCSD\BSMS\SP11\Masters Project\Image Matching Sandbox\Image Match VS\matching_to_many_images\Debug\link.read.1.tlog
D:\Documents\UCSD\BSMS\SP11\Masters Project\Image Matching Sandbox\Image Match VS\matching_to_many_images\Debug\link.write.1.tlog
D:\Documents\UCSD\BSMS\SP11\Masters Project\Image Matching Sandbox\Image Match VS\matching_to_many_images\Debug\link-cvtres.read.1.tlog
D:\Documents\UCSD\BSMS\SP11\Masters Project\Image Matching Sandbox\Image Match VS\matching_to_many_images\Debug\link-cvtres.write.1.tlog
D:\DOCUMENTS\UCSD\BSMS\SP11\MASTERS PROJECT\IMAGE MATCHING SANDBOX\IMAGE MATCH VS\MATCHING_TO_MANY_IMAGES\DEBUG\LOGGER.OBJ
D:\DOCUMENTS\UCSD\BSMS\SP11\MASTERS PROJECT\IMAGE MATCHING SANDBOX\IMAGE MATCH VS\MATCHING_TO_MANY_IMAGES\DEBUG\MATCH_IMAGE.OBJ
D:\DOCUMENTS\UCSD\BSMS\SP11\MASTERS PROJECT\IMAGE MATCHING SANDBOX\IMAGE MATCH VS\MATCHING_TO_MANY_IMAGES\DEBUG\MATCHING_TO_MANY_IMAGES.EXE.EMBED.MANIFEST
D:\DOCUMENTS\UCSD\BSMS\SP11\MASTERS PROJECT\IMAGE MATCHING SANDBOX\IMAGE MATCH VS\MATCHING_TO_MANY_IMAGES\DEBUG\MATCHING_TO_MANY_IMAGES.EXE.EMBED.MANIFEST.RES
D:\DOCUMENTS\UCSD\BSMS\SP11\MASTERS PROJECT\IMAGE MATCHING SANDBOX\IMAGE MATCH VS\MATCHING_TO_MANY_IMAGES\DEBUG\MATCHING_TO_MANY_IMAGES.EXE.INTERMEDIATE.MANIFEST
D:\DOCUMENTS\UCSD\BSMS\SP11\MASTERS PROJECT\IMAGE MATCHING SANDBOX\IMAGE MATCH VS\MATCHING_TO_MANY_IMAGES\DEBUG\MATCHING_TO_MANY_IMAGES.PCH
D:\Documents\UCSD\BSMS\SP11\Masters Project\Image Matching Sandbox\Image Match VS\matching_to_many_images\Debug\matching_to_many_images_manifest.rc
D:\Documents\UCSD\BSMS\SP11\Masters Project\Image Matching Sandbox\Image Match VS\matching_to_many_images\Debug\mt.read.1.tlog
D:\Documents\UCSD\BSMS\SP11\Masters Project\Image Matching Sandbox\Image Match VS\matching_to_many_images\Debug\mt.write.1.tlog
D:\Documents\UCSD\BSMS\SP11\Masters Project\Image Matching Sandbox\Image Match VS\matching_to_many_images\Debug\rc.read.1.tlog
D:\Documents\UCSD\BSMS\SP11\Masters Project\Image Matching Sandbox\Image Match VS\matching_to_many_images\Debug\rc.write.1.tlog
D:\DOCUMENTS\UCSD\BSMS\SP11\MASTERS PROJECT\IMAGE MATCHING SANDBOX\IMAGE MATCH VS\MATCHING_TO_MANY_IMAGES\DEBUG\SERVER.OBJ
D:\DOCUMENTS\UCSD\BSMS\SP11\MASTERS PROJECT\IMAGE MATCHING SANDBOX\IMAGE MATCH VS\MATCHING_TO_MANY_IMAGES\DEBUG\SOCKETTE.OBJ
D:\DOCUMENTS\UCSD\BSMS\SP11\MASTERS PROJECT\IMAGE MATCHING SANDBOX\IMAGE MATCH VS\MATCHING_TO_MANY_IMAGES\DEBUG\STDAFX.OBJ
D:\DOCUMENTS\UCSD\BSMS\SP11\MASTERS PROJECT\IMAGE MATCHING SANDBOX\IMAGE MATCH VS\MATCHING_TO_MANY_IMAGES\DEBUG\SURFMATCHER.OBJ
D:\DOCUMENTS\UCSD\BSMS\SP11\MASTERS PROJECT\IMAGE MATCHING SANDBOX\IMAGE MATCH VS\MATCHING_TO_MANY_IMAGES\DEBUG\TINYSTR.OBJ
D:\DOCUMENTS\UCSD\BSMS\SP11\MASTERS PROJECT\IMAGE MATCHING SANDBOX\IMAGE MATCH VS\MATCHING_TO_MANY_IMAGES\DEBUG\TINYXML.OBJ
D:\DOCUMENTS\UCSD\BSMS\SP11\MASTERS PROJECT\IMAGE MATCHING SANDBOX\IMAGE MATCH VS\MATCHING_TO_MANY_IMAGES\DEBUG\TINYXMLERROR.OBJ
D:\DOCUMENTS\UCSD\BSMS\SP11\MASTERS PROJECT\IMAGE MATCHING SANDBOX\IMAGE MATCH VS\MATCHING_TO_MANY_IMAGES\DEBUG\TINYXMLPARSER.OBJ
D:\DOCUMENTS\UCSD\BSMS\SP11\MASTERS PROJECT\IMAGE MATCHING SANDBOX\IMAGE MATCH VS\MATCHING_TO_MANY_IMAGES\DEBUG\UTIL.OBJ
D:\DOCUMENTS\UCSD\BSMS\SP11\MASTERS PROJECT\IMAGE MATCHING SANDBOX\IMAGE MATCH VS\MATCHING_TO_MANY_IMAGES\DEBUG\VC100.IDB
D:\DOCUMENTS\UCSD\BSMS\SP11\MASTERS PROJECT\IMAGE MATCHING SANDBOX\IMAGE MATCH VS\MATCHING_TO_MANY_IMAGES\DEBUG\VC100.PDB
