Build started 4/30/2011 6:30:36 PM.
     1>Project "D:\Documents\UCSD\BSMS\SP11\Masters Project\Image Matching Sandbox\Image Match VS\MockClient\MockClient.vcxproj" on node 3 (build target(s)).
       Skipping target "IsProjectFileNewer" because all output files are up-to-date with respect to the input files.
     1>_PrepareForBuild:
         Touching "Debug\lastbuild.timestamp".
       ClCompile:
         Skipping task because its outputs are up-to-date.
         client.cpp
       ManifestResourceCompile:
         Skipping task because its outputs are up-to-date.
       Manifest:
         Skipping task because its outputs are up-to-date.
       LinkEmbedManifest:
         Skipping task because its outputs are up-to-date.
         MockClient.vcxproj -> D:\Documents\UCSD\BSMS\SP11\Masters Project\Image Matching Sandbox\Image Match VS\Debug\MockClient.exe
       _AfterBuild:
         Touching "Debug\LastSuccessfulBuild.timestamp".
     1>Done Building Project "D:\Documents\UCSD\BSMS\SP11\Masters Project\Image Matching Sandbox\Image Match VS\MockClient\MockClient.vcxproj" (build target(s)).

Build succeeded.

Time Elapsed 00:00:06.51
